<?xml version="1.0" encoding="UTF-8"?>
<testng-results ignored="0" total="1" passed="1" failed="0" skipped="0">
  <reporter-output>
  </reporter-output>
  <suite started-at="2024-01-20T17:14:26Z" name="Default suite" finished-at="2024-01-20T17:14:29Z" duration-ms="3220">
    <groups>
    </groups>
    <test started-at="2024-01-20T17:14:26Z" name="Default test" finished-at="2024-01-20T17:14:29Z" duration-ms="3220">
      <class name="prueba.PruebaTest">
        <test-method signature="f()[pri:0, instance:prueba.PruebaTest@57a78e3]" started-at="2024-01-20T11:14:26Z" name="f" finished-at="2024-01-20T11:14:29Z" duration-ms="3203" status="PASS">
          <reporter-output>
          </reporter-output>
        </test-method> <!-- f -->
      </class> <!-- prueba.PruebaTest -->
    </test> <!-- Default test -->
  </suite> <!-- Default suite -->
</testng-results>
